diff --git a/I wanna be the guy.project.gmx b/I wanna be the guy.project.gmx
index 19cebec..b65b3e0 100644
--- a/I wanna be the guy.project.gmx	
+++ b/I wanna be the guy.project.gmx	
@@ -20,6 +20,7 @@
     </sounds>
     <sounds name="music">
       <sound>sound\musTitle</sound>
+      <sound>sound\musStage1</sound>
       <sound>sound\musOnDeath</sound>
       <sound>sound\musIntroA</sound>
       <sound>sound\musIntroB</sound>
@@ -32,6 +33,8 @@
       <sprite>sprites\sprPlayMusic</sprite>
       <sprite>sprites\sprPlayerKiller</sprite>
       <sprite>sprites\sprPlayerStart</sprite>
+      <sprite>sprites\sprBackgroundSplitLineUpDown</sprite>
+      <sprite>sprites\sprTree</sprite>
     </sprites>
     <sprites name="player">
       <sprite>sprites\sprPlayerMask</sprite>
@@ -139,13 +142,15 @@
       <sprite>sprites\sprMenu2</sprite>
       <sprite>sprites\sprMenu1</sprite>
       <sprite>sprites\sprMenu4</sprite>
-      <sprite>sprites\sprMenu5</sprite>
       <sprite>sprites\sprMenu6</sprite>
       <sprite>sprites\sprMenuNewGame</sprite>
     </sprites>
   </sprites>
   <backgrounds name="background">
     <background>background\bAllTiles</background>
+    <background>background\bgGray</background>
+    <background>background\bgAqua</background>
+    <background>background\bgUpsideWayRoom1</background>
   </backgrounds>
   <paths name="paths"/>
   <scripts name="scripts">
@@ -163,7 +168,9 @@
       <script>scripts\scrSaveConfig.gml</script>
       <script>scripts\scrLoadConfig.gml</script>
       <script>scripts\scrSaveGame.gml</script>
+      <script>scripts\scrSaveGameBackup.gml</script>
       <script>scripts\scrLoadGame.gml</script>
+      <script>scripts\scrLoadGameBackup.gml</script>
       <script>scripts\scrSetRoomCaption.gml</script>
       <script>scripts\scrDrawButtonInfo.gml</script>
       <script>scripts\scrGetKeybind.gml</script>
@@ -181,6 +188,7 @@
         <script>scripts\scrButtonCheckPressed.gml</script>
         <script>scripts\scrButtonCheckReleased.gml</script>
       </scripts>
+      <script>scripts\scrChangeBackground.gml</script>
     </scripts>
     <scripts name="functions">
       <script>scripts\scrDrawTextOutline.gml</script>
@@ -267,6 +275,7 @@
     </objects>
     <objects name="triggers">
       <object>objects\objFreeTrigger</object>
+      <object>objects\objBackgroundSplitterUpDown</object>
       <object>objects\objTriggerButton</object>
       <object>objects\objKillerTrigger</object>
       <object>objects\objSpikeTriggerUp</object>
@@ -285,6 +294,7 @@
       <object>objects\objSign</object>
       <object>objects\objGravityUp</object>
       <object>objects\objGravityDown</object>
+      <object>objects\objTree</object>
     </objects>
     <objects name="saves">
       <object>objects\objSaveMedium</object>
@@ -354,6 +364,9 @@
     </rooms>
     <room>rooms\rSampleRoom</room>
     <room>rooms\rTemplate</room>
+    <rooms name="Upside Road">
+      <room>rooms\rARoom1</room>
+    </rooms>
   </rooms>
   <help>
     <rtf>help.rtf</rtf>
diff --git a/objects/objBlock.object.gmx b/objects/objBlock.object.gmx
index a9c30a8..7ff0c4b 100644
--- a/objects/objBlock.object.gmx
+++ b/objects/objBlock.object.gmx
@@ -7,7 +7,32 @@
   <persistent>0</persistent>
   <parentName>&lt;undefined&gt;</parentName>
   <maskName>&lt;undefined&gt;</maskName>
-  <events/>
+  <events>
+    <event eventtype="0" enumb="0">
+      <action>
+        <libid>1</libid>
+        <id>603</id>
+        <kind>7</kind>
+        <userelative>0</userelative>
+        <isquestion>0</isquestion>
+        <useapplyto>-1</useapplyto>
+        <exetype>2</exetype>
+        <functionname></functionname>
+        <codestring></codestring>
+        <whoName>self</whoName>
+        <relative>0</relative>
+        <isnot>0</isnot>
+        <arguments>
+          <argument>
+            <kind>1</kind>
+            <string>if (debug_mode)
+    visible = true;
+</string>
+          </argument>
+        </arguments>
+      </action>
+    </event>
+  </events>
   <PhysicsObject>0</PhysicsObject>
   <PhysicsObjectSensor>0</PhysicsObjectSensor>
   <PhysicsObjectShape>0</PhysicsObjectShape>
diff --git a/objects/objFreeTrigger.object.gmx b/objects/objFreeTrigger.object.gmx
index f977650..b640dc9 100644
--- a/objects/objFreeTrigger.object.gmx
+++ b/objects/objFreeTrigger.object.gmx
@@ -28,6 +28,11 @@
             <string>//set trg in creation code
 
 trg = 0;
+
+if (debug_mode)
+{
+    visible = true;
+}
 </string>
           </argument>
         </arguments>
diff --git a/objects/objMenu5.object.gmx b/objects/objMenu5.object.gmx
index dc97dd1..2387b70 100644
--- a/objects/objMenu5.object.gmx
+++ b/objects/objMenu5.object.gmx
@@ -1,6 +1,6 @@
 <!--This Document is generated by GameMaker, if you edit it by hand then you do so at your own risk!-->
 <object>
-  <spriteName>sprMenu5</spriteName>
+  <spriteName>sprTree</spriteName>
   <solid>0</solid>
   <visible>-1</visible>
   <depth>1000001</depth>
diff --git a/objects/objSave.object.gmx b/objects/objSave.object.gmx
index d32e5ad..aed9229 100644
--- a/objects/objSave.object.gmx
+++ b/objects/objSave.object.gmx
@@ -131,6 +131,7 @@ if (canSave &amp;&amp; instance_exists(objPlayer) &amp;&amp; global.grav == grav
 {
     if (!((objPlayer.x &lt; 0 || objPlayer.x &gt; room_width || objPlayer.y &lt; 0 || objPlayer.y &gt; room_height) &amp;&amp; global.edgeDeath))  //make sure the player isn't saving outside the room to prevent save locking
     {
+        
         canSave = false;    //make it so that the player can't save again immediately
         alarm[0] = 30;  //set alarm so the player can save again
         image_index = 1;
diff --git a/objects/objWorld.object.gmx b/objects/objWorld.object.gmx
index c862887..8f4a575 100644
--- a/objects/objWorld.object.gmx
+++ b/objects/objWorld.object.gmx
@@ -214,7 +214,7 @@ if (global.gameStarted)
             }
             
             scrSaveGame(false); //save death/time
-            scrLoadGame(false); //load the game
+            scrLoadGame(false); //load the game //default was false
         }
         
         if (global.timeWhenDead || instance_exists(objPlayer))  //increment timer
@@ -242,6 +242,63 @@ if (global.gameStarted)
     
     scrSetRoomCaption();    //keep caption updated
 }
+</string>
+          </argument>
+        </arguments>
+      </action>
+      <action>
+        <libid>1</libid>
+        <id>603</id>
+        <kind>7</kind>
+        <userelative>0</userelative>
+        <isquestion>0</isquestion>
+        <useapplyto>-1</useapplyto>
+        <exetype>2</exetype>
+        <functionname></functionname>
+        <codestring></codestring>
+        <whoName>self</whoName>
+        <relative>0</relative>
+        <isnot>0</isnot>
+        <arguments>
+          <argument>
+            <kind>1</kind>
+            <string>///function keys
+
+if (keyboard_check_pressed(vk_escape))
+{
+    game_end();
+}
+
+if (keyboard_check_pressed(vk_f2))
+{
+    if (global.gameStarted and global.screenshot != -1) {
+        sprite_save(global.screenshot,0,"Data\save"+string(global.savenum)+".png");
+    }
+    scrRestartGame();
+    exit;
+}
+
+if (keyboard_check_pressed(vk_f4) &amp;&amp; !global.gamePaused)    //toggle fullscreen mode
+{
+    global.fullscreenMode = !global.fullscreenMode;
+    
+    window_set_fullscreen(global.fullscreenMode);
+    
+    scrSaveConfig();    //save fullscreen setting
+}
+
+if (keyboard_check_pressed(vk_f5) &amp;&amp; !global.gamePaused)    //reset window size
+{
+    scrResetWindowSize();
+}
+
+if (keyboard_check(vk_control) &amp;&amp; keyboard_check_pressed(ord("M")) &amp;&amp; !global.gamePaused)
+{
+    //toggle mute music setting
+    scrToggleMusic();
+    
+    scrSaveConfig();    //save mute setting
+}
 </string>
           </argument>
         </arguments>
@@ -349,43 +406,8 @@ if (global.debugVisuals)
         <arguments>
           <argument>
             <kind>1</kind>
-            <string>///function keys
-
-if (keyboard_check_pressed(vk_escape))
-{
-    game_end();
-}
-
-if (keyboard_check_pressed(vk_f2))
-{
-    if (global.gameStarted and global.screenshot != -1) {
-        sprite_save(global.screenshot,0,"Data\save"+string(global.savenum)+".png");
-    }
-    scrRestartGame();
-    exit;
-}
-
-if (keyboard_check_pressed(vk_f4) &amp;&amp; !global.gamePaused)    //toggle fullscreen mode
-{
-    global.fullscreenMode = !global.fullscreenMode;
-    
-    window_set_fullscreen(global.fullscreenMode);
-    
-    scrSaveConfig();    //save fullscreen setting
-}
-
-if (keyboard_check_pressed(vk_f5) &amp;&amp; !global.gamePaused)    //reset window size
-{
-    scrResetWindowSize();
-}
-
-if (keyboard_check(vk_control) &amp;&amp; keyboard_check_pressed(ord("M")) &amp;&amp; !global.gamePaused)
-{
-    //toggle mute music setting
-    scrToggleMusic();
-    
-    scrSaveConfig();    //save mute setting
-}
+            <string>///room checks
+scrChangeBackground(global.backgroundIndex);
 </string>
           </argument>
         </arguments>
@@ -443,6 +465,8 @@ if (!instance_exists(objPlayMusic))  //make sure the play music object isn't in
 
 room_speed = 50;    //make sure game is running at the correct frame rate
 scrSetRoomCaption();    //make sure window caption stays updated
+
+
 </string>
           </argument>
         </arguments>
diff --git a/scripts/scrInitializeGlobals.gml b/scripts/scrInitializeGlobals.gml
index a831c80..0301333 100644
--- a/scripts/scrInitializeGlobals.gml
+++ b/scripts/scrInitializeGlobals.gml
@@ -14,6 +14,9 @@ global.grav = 1;
 global.saveGrav = 1;
 global.screenshot = -1;
 
+global.backgroundIndex = 0;
+global.saveBackgroundIndex = 0;
+
 for (var i = global.secretItemTotal-1; i >= 0; i--)
 {
     global.secretItem[i] = false;
diff --git a/scripts/scrLoadGame.gml b/scripts/scrLoadGame.gml
index a483ff3..c9104c9 100644
--- a/scripts/scrLoadGame.gml
+++ b/scripts/scrLoadGame.gml
@@ -36,6 +36,7 @@ if (loadFile)
         global.savePlayerX = ds_map_find_value(saveMap,"savePlayerX");
         global.savePlayerY = ds_map_find_value(saveMap,"savePlayerY");
         global.saveGrav = ds_map_find_value(saveMap,"saveGrav");
+        global.saveBackgroundIndex = ds_map_find_value(saveMap, "saveBackgroundIndex");
         
         if (is_string(global.saveRoom))   //check if the saved room loaded properly
         {
@@ -117,6 +118,8 @@ for (var i = 0; i < global.bossItemTotal; i++)
 
 global.gameClear = global.saveGameClear;
 
+global.backgroundIndex = global.saveBackgroundIndex;
+
 instance_create(global.savePlayerX,global.savePlayerY,objPlayer);
 
 room_goto(asset_get_index(global.saveRoom));
diff --git a/scripts/scrSaveGame.gml b/scripts/scrSaveGame.gml
index 322ecd5..e65a102 100644
--- a/scripts/scrSaveGame.gml
+++ b/scripts/scrSaveGame.gml
@@ -11,6 +11,7 @@ if (savePosition)
     global.savePlayerX = objPlayer.x;    
     global.savePlayerY = objPlayer.y;
     global.saveGrav = global.grav;
+    global.saveBackgroundIndex = global.backgroundIndex
     
     //check if player is saving inside of a wall or in the ceiling when the player's position is floored to prevent save locking
     with (objPlayer)
@@ -79,6 +80,8 @@ for (var i = 0; i < global.bossItemTotal; i++)
 
 ds_map_add(saveMap,"saveGameClear",global.saveGameClear);
 
+ds_map_add(saveMap, "saveBackgroundIndex", global.saveBackgroundIndex);
+
 //add md5 hash to verify saves and make them harder to hack
 ds_map_add(saveMap,"mapMd5",md5_string_unicode(json_encode(saveMap)+global.md5StrAdd));
 
diff --git a/scripts/scrSetGlobalOptions.gml b/scripts/scrSetGlobalOptions.gml
index 390bfde..6279cc0 100644
--- a/scripts/scrSetGlobalOptions.gml
+++ b/scripts/scrSetGlobalOptions.gml
@@ -14,7 +14,7 @@ window_set_caption(global.roomCaptionDef);
 
 global.md5StrAdd = "Put something here";  //sets what to add to the end of md5 input string to make the save harder to mess with, can be changed to anything, should be set to something unique and hard to predict (like setting a password)
 
-global.startRoom = rSampleRoom;    //sets which room to begin with
+global.startRoom = rARoom1;    //sets which room to begin with
 
 global.menuMode = 1;            //sets whether to use a warp room or a menu for selecting the game's difficulty (0 = warp room, 1 = menu)
 global.menuSound = sndJump;     //sets what sound to use for navigating the main menu
diff --git a/sprites/sprMenu5.sprite.gmx b/sprites/sprMenu5.sprite.gmx
deleted file mode 100644
index af4e910..0000000
--- a/sprites/sprMenu5.sprite.gmx
+++ /dev/null
@@ -1,25 +0,0 @@
-<!--This Document is generated by GameMaker, if you edit it by hand then you do so at your own risk!-->
-<sprite>
-  <type>0</type>
-  <xorig>0</xorig>
-  <yorigin>0</yorigin>
-  <colkind>1</colkind>
-  <coltolerance>0</coltolerance>
-  <sepmasks>0</sepmasks>
-  <bboxmode>0</bboxmode>
-  <bbox_left>6</bbox_left>
-  <bbox_right>116</bbox_right>
-  <bbox_top>5</bbox_top>
-  <bbox_bottom>179</bbox_bottom>
-  <HTile>0</HTile>
-  <VTile>0</VTile>
-  <TextureGroups>
-    <TextureGroup0>0</TextureGroup0>
-  </TextureGroups>
-  <For3D>0</For3D>
-  <width>121</width>
-  <height>180</height>
-  <frames>
-    <frame index="0">images\sprMenu5_0.png</frame>
-  </frames>
-</sprite>
